1750755379722|7|statement|connection 0|url jdbc:p6spy:mysql://localhost:3306/hitlc?createDatabaseIfNotExist=true|     alter table users         modify column id CHAR(36) not null|     alter table users         modify column id CHAR(36) not null
1750755379743|3|statement|connection 0|url jdbc:p6spy:mysql://localhost:3306/hitlc?createDatabaseIfNotExist=true|select * from `hitlc`.`roles` where 1=0|select * from `hitlc`.`roles` where 1=0
1750755383715|0|statement|connection 0|url jdbc:p6spy:mysql://localhost:3306/hitlc?createDatabaseIfNotExist=true|/* select count(*) from Role x */ select count(*) from roles r1_0|/* select count(*) from Role x */ select count(*) from roles r1_0
1750755383731|0|commit|connection 0|url jdbc:p6spy:mysql://localhost:3306/hitlc?createDatabaseIfNotExist=true||
1750755383742|0|statement|connection 0|url jdbc:p6spy:mysql://localhost:3306/hitlc?createDatabaseIfNotExist=true|/* select count(*) from User x */ select count(*) from users u1_0|/* select count(*) from User x */ select count(*) from users u1_0
1750755383743|0|commit|connection 0|url jdbc:p6spy:mysql://localhost:3306/hitlc?createDatabaseIfNotExist=true||
1750755395200|0|commit|connection 0|url jdbc:p6spy:mysql://localhost:3306/hitlc?createDatabaseIfNotExist=true||
1750755395293|1|statement|connection 0|url jdbc:p6spy:mysql://localhost:3306/hitlc?createDatabaseIfNotExist=true|/* SELECT u FROM User u WHERE u.username = ?1 */ select u1_0.id,u1_0.created_date,u1_0.email,u1_0.first_name,u1_0.last_login,u1_0.last_modified_date,u1_0.last_name,u1_0.password,u1_0.role_id,u1_0.username from users u1_0 where u1_0.username=?|/* SELECT u FROM User u WHERE u.username = 'adminVuong'1 */ select u1_0.id,u1_0.created_date,u1_0.email,u1_0.first_name,u1_0.last_login,u1_0.last_modified_date,u1_0.last_name,u1_0.password,u1_0.role_id,u1_0.username from users u1_0 where u1_0.username=NULL
1750755395320|1|statement|connection 0|url jdbc:p6spy:mysql://localhost:3306/hitlc?createDatabaseIfNotExist=true|select r1_0.id,r1_0.name from roles r1_0 where r1_0.id=?|select r1_0.id,r1_0.name from roles r1_0 where r1_0.id=1
1750755416858|0|commit|connection 0|url jdbc:p6spy:mysql://localhost:3306/hitlc?createDatabaseIfNotExist=true||
1750755416864|1|statement|connection 0|url jdbc:p6spy:mysql://localhost:3306/hitlc?createDatabaseIfNotExist=true|/* SELECT u FROM User u WHERE u.username = ?1 */ select u1_0.id,u1_0.created_date,u1_0.email,u1_0.first_name,u1_0.last_login,u1_0.last_modified_date,u1_0.last_name,u1_0.password,u1_0.role_id,u1_0.username from users u1_0 where u1_0.username=?|/* SELECT u FROM User u WHERE u.username = 'adminVuong'1 */ select u1_0.id,u1_0.created_date,u1_0.email,u1_0.first_name,u1_0.last_login,u1_0.last_modified_date,u1_0.last_name,u1_0.password,u1_0.role_id,u1_0.username from users u1_0 where u1_0.username=NULL
1750755416867|0|statement|connection 0|url jdbc:p6spy:mysql://localhost:3306/hitlc?createDatabaseIfNotExist=true|select r1_0.id,r1_0.name from roles r1_0 where r1_0.id=?|select r1_0.id,r1_0.name from roles r1_0 where r1_0.id=1
1750755479599|5|statement|connection 10|url jdbc:p6spy:mysql://localhost:3306/hitlc?createDatabaseIfNotExist=true|     alter table users         modify column id CHAR(36) not null|     alter table users         modify column id CHAR(36) not null
1750755479602|0|statement|connection 10|url jdbc:p6spy:mysql://localhost:3306/hitlc?createDatabaseIfNotExist=true|select * from `hitlc`.`roles` where 1=0|select * from `hitlc`.`roles` where 1=0
1750755480915|0|statement|connection 10|url jdbc:p6spy:mysql://localhost:3306/hitlc?createDatabaseIfNotExist=true|/* select count(*) from Role x */ select count(*) from roles r1_0|/* select count(*) from Role x */ select count(*) from roles r1_0
1750755480916|0|commit|connection 10|url jdbc:p6spy:mysql://localhost:3306/hitlc?createDatabaseIfNotExist=true||
1750755480920|0|statement|connection 10|url jdbc:p6spy:mysql://localhost:3306/hitlc?createDatabaseIfNotExist=true|/* select count(*) from User x */ select count(*) from users u1_0|/* select count(*) from User x */ select count(*) from users u1_0
1750755480921|0|commit|connection 10|url jdbc:p6spy:mysql://localhost:3306/hitlc?createDatabaseIfNotExist=true||
1750755507541|16|statement|connection 0|url jdbc:p6spy:mysql://localhost:3306/hitlc?createDatabaseIfNotExist=true|     alter table users         modify column id CHAR(36) not null|     alter table users         modify column id CHAR(36) not null
1750755507562|2|statement|connection 0|url jdbc:p6spy:mysql://localhost:3306/hitlc?createDatabaseIfNotExist=true|select * from `hitlc`.`roles` where 1=0|select * from `hitlc`.`roles` where 1=0
1750755511104|0|statement|connection 0|url jdbc:p6spy:mysql://localhost:3306/hitlc?createDatabaseIfNotExist=true|/* select count(*) from Role x */ select count(*) from roles r1_0|/* select count(*) from Role x */ select count(*) from roles r1_0
1750755511120|0|commit|connection 0|url jdbc:p6spy:mysql://localhost:3306/hitlc?createDatabaseIfNotExist=true||
1750755511125|0|statement|connection 0|url jdbc:p6spy:mysql://localhost:3306/hitlc?createDatabaseIfNotExist=true|/* select count(*) from User x */ select count(*) from users u1_0|/* select count(*) from User x */ select count(*) from users u1_0
1750755511126|0|commit|connection 0|url jdbc:p6spy:mysql://localhost:3306/hitlc?createDatabaseIfNotExist=true||
1750755519217|0|commit|connection 0|url jdbc:p6spy:mysql://localhost:3306/hitlc?createDatabaseIfNotExist=true||
1750755519272|1|statement|connection 0|url jdbc:p6spy:mysql://localhost:3306/hitlc?createDatabaseIfNotExist=true|/* SELECT u FROM User u WHERE u.username = ?1 */ select u1_0.id,u1_0.created_date,u1_0.email,u1_0.first_name,u1_0.last_login,u1_0.last_modified_date,u1_0.last_name,u1_0.password,u1_0.role_id,u1_0.username from users u1_0 where u1_0.username=?|/* SELECT u FROM User u WHERE u.username = 'adminVuong'1 */ select u1_0.id,u1_0.created_date,u1_0.email,u1_0.first_name,u1_0.last_login,u1_0.last_modified_date,u1_0.last_name,u1_0.password,u1_0.role_id,u1_0.username from users u1_0 where u1_0.username=NULL
1750755519291|1|statement|connection 0|url jdbc:p6spy:mysql://localhost:3306/hitlc?createDatabaseIfNotExist=true|select r1_0.id,r1_0.name from roles r1_0 where r1_0.id=?|select r1_0.id,r1_0.name from roles r1_0 where r1_0.id=1
1750755525552|0|commit|connection 0|url jdbc:p6spy:mysql://localhost:3306/hitlc?createDatabaseIfNotExist=true||
1750755525558|1|statement|connection 0|url jdbc:p6spy:mysql://localhost:3306/hitlc?createDatabaseIfNotExist=true|/* SELECT u FROM User u WHERE u.username = ?1 */ select u1_0.id,u1_0.created_date,u1_0.email,u1_0.first_name,u1_0.last_login,u1_0.last_modified_date,u1_0.last_name,u1_0.password,u1_0.role_id,u1_0.username from users u1_0 where u1_0.username=?|/* SELECT u FROM User u WHERE u.username = 'adminVuong'1 */ select u1_0.id,u1_0.created_date,u1_0.email,u1_0.first_name,u1_0.last_login,u1_0.last_modified_date,u1_0.last_name,u1_0.password,u1_0.role_id,u1_0.username from users u1_0 where u1_0.username=NULL
1750755525560|0|statement|connection 0|url jdbc:p6spy:mysql://localhost:3306/hitlc?createDatabaseIfNotExist=true|select r1_0.id,r1_0.name from roles r1_0 where r1_0.id=?|select r1_0.id,r1_0.name from roles r1_0 where r1_0.id=1
1750755526237|0|commit|connection 0|url jdbc:p6spy:mysql://localhost:3306/hitlc?createDatabaseIfNotExist=true||
1750755526241|0|statement|connection 0|url jdbc:p6spy:mysql://localhost:3306/hitlc?createDatabaseIfNotExist=true|/* SELECT u FROM User u WHERE u.username = ?1 */ select u1_0.id,u1_0.created_date,u1_0.email,u1_0.first_name,u1_0.last_login,u1_0.last_modified_date,u1_0.last_name,u1_0.password,u1_0.role_id,u1_0.username from users u1_0 where u1_0.username=?|/* SELECT u FROM User u WHERE u.username = 'adminVuong'1 */ select u1_0.id,u1_0.created_date,u1_0.email,u1_0.first_name,u1_0.last_login,u1_0.last_modified_date,u1_0.last_name,u1_0.password,u1_0.role_id,u1_0.username from users u1_0 where u1_0.username=NULL
1750755526242|0|statement|connection 0|url jdbc:p6spy:mysql://localhost:3306/hitlc?createDatabaseIfNotExist=true|select r1_0.id,r1_0.name from roles r1_0 where r1_0.id=?|select r1_0.id,r1_0.name from roles r1_0 where r1_0.id=1
